cluster_label:  1
cluster_label:  2
cluster_label:  3
cluster_label:  4
cluster_label:  5
cluster_label:  6
cluster_label:  7
cluster_label:  8
cluster label 6, len(light_list): 4287
cluster_label:  6 , light_index:  0
cluster_label:  6 , light_index:  1000
cluster_label:  6 , light_index:  2000
cluster_label:  6 , light_index:  3000
cluster_label:  6 , light_index:  4000
cluster label 4, len(light_list): 13932
cluster_label:  4 , light_index:  0
cluster_label:  4 , light_index:  1000
cluster_label:  4 , light_index:  2000
cluster_label:  4 , light_index:  3000
cluster_label:  4 , light_index:  4000
cluster_label:  4 , light_index:  5000
cluster_label:  4 , light_index:  6000
cluster_label:  4 , light_index:  7000
cluster_label:  4 , light_index:  8000
cluster_label:  4 , light_index:  9000
cluster_label:  4 , light_index:  10000
cluster_label:  4 , light_index:  11000
cluster_label:  4 , light_index:  12000
cluster_label:  4 , light_index:  13000
cluster label 2, len(light_list): 14739
cluster_label:  2 , light_index:  0
cluster_label:  2 , light_index:  1000
cluster_label:  2 , light_index:  2000
cluster_label:  2 , light_index:  3000
cluster_label:  2 , light_index:  4000
cluster_label:  2 , light_index:  5000
cluster_label:  2 , light_index:  6000
cluster_label:  2 , light_index:  7000
cluster_label:  2 , light_index:  8000
cluster_label:  2 , light_index:  9000
cluster_label:  2 , light_index:  10000
cluster_label:  2 , light_index:  11000
cluster_label:  2 , light_index:  12000
cluster_label:  2 , light_index:  13000
cluster_label:  2 , light_index:  14000
cluster label 5, len(light_list): 20391
cluster_label:  5 , light_index:  0
cluster_label:  5 , light_index:  1000
cluster_label:  5 , light_index:  2000
cluster_label:  5 , light_index:  3000
cluster_label:  5 , light_index:  4000
cluster_label:  5 , light_index:  5000
cluster_label:  5 , light_index:  6000
cluster_label:  5 , light_index:  7000
cluster_label:  5 , light_index:  8000
cluster_label:  5 , light_index:  9000
cluster_label:  5 , light_index:  10000
cluster_label:  5 , light_index:  11000
cluster_label:  5 , light_index:  12000
cluster_label:  5 , light_index:  13000
cluster_label:  5 , light_index:  14000
cluster_label:  5 , light_index:  15000
cluster_label:  5 , light_index:  16000
cluster_label:  5 , light_index:  17000
cluster_label:  5 , light_index:  18000
cluster_label:  5 , light_index:  19000
cluster_label:  5 , light_index:  20000
cluster label 8, len(light_list): 26536
cluster_label:  8 , light_index:  0
cluster_label:  8 , light_index:  1000
cluster_label:  8 , light_index:  2000
cluster_label:  8 , light_index:  3000
cluster_label:  8 , light_index:  4000
cluster_label:  8 , light_index:  5000
cluster_label:  8 , light_index:  6000
cluster_label:  8 , light_index:  7000
cluster_label:  8 , light_index:  8000
cluster_label:  8 , light_index:  9000
cluster_label:  8 , light_index:  10000
cluster_label:  8 , light_index:  11000
cluster_label:  8 , light_index:  12000
cluster_label:  8 , light_index:  13000
cluster_label:  8 , light_index:  14000
cluster_label:  8 , light_index:  15000
cluster_label:  8 , light_index:  16000
cluster_label:  8 , light_index:  17000
cluster_label:  8 , light_index:  18000
cluster_label:  8 , light_index:  19000
cluster_label:  8 , light_index:  20000
cluster_label:  8 , light_index:  21000
cluster_label:  8 , light_index:  22000
cluster_label:  8 , light_index:  23000
cluster_label:  8 , light_index:  24000
cluster_label:  8 , light_index:  25000
cluster_label:  8 , light_index:  26000
cluster label 7, len(light_list): 33912
cluster_label:  7 , light_index:  0
cluster_label:  7 , light_index:  1000
new_arr:  [[-2.30000000e-01 -2.30000000e-01 -2.20000000e-01 -1.90000000e-01
  -1.20000000e-01 -2.10000000e-01 -0.00000000e+00 -3.00000000e-02
  -7.00000000e-02 -3.40000000e-01 -5.00000000e-02 -3.50000000e-01
  -2.00000000e-01 -1.20000000e-01 -2.90000000e-01 -1.60000000e-01
  -1.30000000e-01 -2.70000000e-01 -1.20000000e-01 -1.00000000e-02
  -2.50000000e-01 -1.00000000e-01 -2.30000000e-01 -2.20000000e-01
  -2.10000000e-01 -5.00000000e-02 -5.00000000e-02 -7.00000000e-02
  -7.00000000e-02  0.00000000e+00 -1.90000000e-01 -1.50000000e-01
   0.00000000e+00  3.00000000e-02 -1.40000000e-01  2.00000000e-01
   1.00000000e-01  6.00000000e-02  3.10000000e-01  5.00000000e-02
   1.00000000e-02 -2.00000000e-02  5.00000000e-02  8.00000000e-02
   2.70000000e-01 -4.00000000e-02  1.40000000e-01  8.00000000e-02
   7.00000000e-02 -2.10000000e-01 -1.70000000e-01  6.00000000e-02
  -4.00000000e-02  2.10000000e-01  1.10000000e-01 -1.90000000e-01
  -1.70000000e-01  1.00000000e-01  3.00000000e-02  6.00000000e-02
   8.00000000e-02  5.00000000e-02  1.20000000e-01  1.10000000e-01
   9.00000000e-02  1.90000000e-01  1.10000000e-01  1.60000000e-01
   4.10000000e-01  1.40000000e-01  3.10000000e-01  1.00000000e-01
   1.80000000e-01  5.00000000e-02]
 [ 8.00000000e-02 -2.00000000e-01  1.00000000e-01 -1.00000000e-01
   1.20000000e-01  1.00000000e-02  1.70000000e-01  7.00000000e-02
  -5.00000000e-02  3.00000000e-02  2.00000000e-02  0.00000000e+00
  -2.00000000e-02  6.00000000e-02 -2.60000000e-01 -2.60000000e-01
  -1.60000000e-01 -1.80000000e-01 -8.00000000e-02 -1.20000000e-01
  -1.50000000e-01 -2.30000000e-01 -1.20000000e-01 -1.80000000e-01
   1.60000000e-01  6.00000000e-02 -1.00000000e-01 -1.80000000e-01
  -1.20000000e-01  7.00000000e-02 -1.10000000e-01 -1.00000000e-01
  -2.70000000e-01 -2.50000000e-01 -1.30000000e-01  1.50000000e-01
  -2.30000000e-01 -2.70000000e-01 -4.00000000e-02 -1.50000000e-01
   1.40000000e-01 -1.50000000e-01 -2.50000000e-01 -1.20000000e-01
  -1.20000000e-01 -2.60000000e-01 -3.50000000e-01 -0.00000000e+00
  -1.00000000e-01 -2.70000000e-01  4.00000000e-02 -3.00000000e-01
  -3.00000000e-01 -1.40000000e-01 -8.00000000e-02  1.00000000e-02
  -5.00000000e-02 -4.00000000e-02 -2.20000000e-01 -2.30000000e-01
  -1.50000000e-01 -1.70000000e-01 -8.00000000e-02 -2.00000000e-01
  -1.40000000e-01  1.00000000e-02 -2.40000000e-01 -1.10000000e-01
  -2.90000000e-01 -1.50000000e-01 -1.80000000e-01 -2.00000000e-02
  -2.50000000e-01  1.39804332e-76]
 [-7.00000000e-02 -1.80000000e-01 -2.30000000e-01 -2.20000000e-01
  -7.00000000e-02 -3.50000000e-01 -6.00000000e-02 -6.00000000e-02
  -6.00000000e-02  1.10000000e-01  4.00000000e-02 -9.00000000e-02
  -1.80000000e-01 -6.00000000e-02 -2.40000000e-01 -1.30000000e-01
  -1.50000000e-01 -1.20000000e-01 -7.00000000e-02  1.00000000e-02
   1.60000000e-01  1.50000000e-01 -8.00000000e-02 -8.00000000e-02
  -1.10000000e-01 -2.40000000e-01 -8.00000000e-02 -1.70000000e-01
  -1.40000000e-01  0.00000000e+00  2.00000000e-02  5.00000000e-02
   1.40000000e-01  1.00000000e-01 -1.40000000e-01  7.00000000e-02
   1.00000000e-02 -9.00000000e-02  4.00000000e-02 -1.90000000e-01
  -2.00000000e-01 -7.00000000e-02 -1.10000000e-01 -1.60000000e-01
   5.00000000e-02  1.40000000e-01 -1.40000000e-01 -2.00000000e-02
   1.20000000e-01 -4.00000000e-02  3.00000000e-02 -5.00000000e-02
   2.00000000e-02 -4.00000000e-02 -1.40000000e-01 -1.00000000e-02
  -8.00000000e-02 -1.10000000e-01 -4.00000000e-02  9.00000000e-02
  -2.00000000e-01 -1.10000000e-01 -3.00000000e-02  0.00000000e+00
   1.60000000e-01  6.00000000e-02  1.30000000e-01  2.00000000e-02
   1.30000000e-01  8.00000000e-02  1.50000000e-01  9.00000000e-02
   0.00000000e+00  8.00000000e-02]
 [ 3.00000000e-02  0.00000000e+00  6.00000000e-02 -7.00000000e-02
   3.00000000e-02 -1.80000000e-01  5.00000000e-02  3.00000000e-02
  -1.10000000e-01  1.10000000e-01  1.60000000e-01  1.40000000e-01
   3.50000000e-01  1.70000000e-01  1.60000000e-01  3.70000000e-01
   1.90000000e-01  8.00000000e-02  1.60000000e-01 -9.00000000e-02
   1.80000000e-01  1.00000000e-02  6.00000000e-02  2.90000000e-01
   9.00000000e-02  2.60000000e-01  3.00000000e-02  9.00000000e-02
   2.10000000e-01  8.00000000e-02  1.30000000e-01 -0.00000000e+00
   2.40000000e-01  1.10000000e-01  1.20000000e-01  9.00000000e-02
   1.50000000e-01  3.00000000e-02 -1.00000000e-02  1.30000000e-01
  -0.00000000e+00 -9.00000000e-02 -2.50000000e-01 -3.00000000e-02
   2.30000000e-01  1.70000000e-01  1.60000000e-01  3.80000000e-01
   2.20000000e-01  1.80000000e-01  8.00000000e-02  1.30000000e-01
  -1.20000000e-01  1.70000000e-01  4.10000000e-01  2.00000000e-01
   2.50000000e-01  1.50000000e-01  2.10000000e-01  3.80000000e-01
   3.30000000e-01  3.60000000e-01  2.00000000e-01  2.80000000e-01
   2.10000000e-01  1.60000000e-01  3.10000000e-01  2.10000000e-01
   1.30000000e-01  3.00000000e-02  2.80000000e-01  8.00000000e-02
   3.50000000e-01  2.80000000e-01]
 [-1.80000000e-01 -5.00000000e-02 -2.30000000e-01  1.00000000e-02
  -5.00000000e-02 -9.00000000e-02 -1.80000000e-01 -9.00000000e-02
  -2.00000000e-02 -1.10000000e-01 -5.00000000e-02 -1.30000000e-01
  -0.00000000e+00  8.00000000e-02 -8.00000000e-02  8.00000000e-02
  -2.00000000e-02 -8.00000000e-02 -1.00000000e-02  1.00000000e-02
  -2.90000000e-01 -2.40000000e-01 -1.10000000e-01 -2.70000000e-01
  -1.50000000e-01 -5.00000000e-02 -2.10000000e-01 -2.10000000e-01
  -1.90000000e-01 -2.00000000e-01  3.00000000e-02 -3.10000000e-01
   1.10000000e-01 -2.40000000e-01 -1.50000000e-01  5.00000000e-02
  -6.00000000e-02 -2.00000000e-02 -2.70000000e-01  1.40000000e-01
   1.40000000e-01  3.00000000e-02  1.40000000e-01 -3.00000000e-02
   1.40000000e-01 -9.00000000e-02 -0.00000000e+00 -2.60000000e-01
  -2.00000000e-01  7.00000000e-02 -1.70000000e-01  3.00000000e-02
  -1.70000000e-01 -9.00000000e-02 -1.50000000e-01 -1.30000000e-01
  -5.00000000e-02  1.00000000e-01  9.00000000e-02  2.00000000e-02
  -2.30000000e-01 -1.40000000e-01 -9.00000000e-02  1.90000000e-01
  -9.00000000e-02  4.00000000e-02 -8.00000000e-02 -1.70000000e-01
  -5.00000000e-02  1.00000000e-01  9.00000000e-02 -7.00000000e-02
   2.20000000e-01  4.85787506e-33]
 [ 5.00000000e-02 -2.00000000e-01 -1.10000000e-01 -2.90000000e-01
  -1.80000000e-01 -3.50000000e-01 -2.40000000e-01  8.00000000e-02
  -1.60000000e-01 -1.40000000e-01 -1.10000000e-01 -1.40000000e-01
  -2.30000000e-01  4.00000000e-02 -1.00000000e-02 -1.80000000e-01
  -2.30000000e-01 -1.10000000e-01 -2.00000000e-01 -5.00000000e-02
  -8.00000000e-02 -2.10000000e-01 -2.40000000e-01 -1.90000000e-01
  -2.50000000e-01 -1.30000000e-01 -3.00000000e-02 -8.00000000e-02
  -1.10000000e-01 -5.00000000e-02 -1.90000000e-01 -2.80000000e-01
  -3.60000000e-01 -3.20000000e-01 -3.90000000e-01 -2.20000000e-01
  -1.80000000e-01 -2.20000000e-01 -2.80000000e-01 -2.30000000e-01
  -2.50000000e-01 -3.70000000e-01 -2.60000000e-01 -3.30000000e-01
  -2.50000000e-01 -3.40000000e-01 -2.70000000e-01 -3.30000000e-01
  -2.90000000e-01 -4.10000000e-01 -3.80000000e-01 -4.10000000e-01
  -2.60000000e-01 -2.60000000e-01 -4.70000000e-01 -2.60000000e-01
  -2.10000000e-01 -2.90000000e-01 -9.00000000e-02  4.30000000e-01
   2.50000000e-01  1.10000000e-01  3.40000000e-01  1.90000000e-01
   6.00000000e-02  3.90000000e-01  2.40000000e-01  2.20000000e-01
   1.30000000e-01  1.90000000e-01  1.20000000e-01  1.20000000e-01
   2.90000000e-01  1.00000000e-01]
 [-6.00000000e-02  1.00000000e-02 -4.00000000e-02 -1.00000000e-02
  -7.00000000e-02 -1.00000000e-01  3.00000000e-02 -1.70000000e-01
  -4.00000000e-02  2.00000000e-02  2.00000000e-02  1.00000000e-01
   6.00000000e-02  1.30000000e-01  2.00000000e-01  2.30000000e-01
   2.80000000e-01  3.30000000e-01  4.00000000e-01  4.50000000e-01
   3.80000000e-01  3.30000000e-01  4.00000000e-01  2.80000000e-01
   3.20000000e-01  1.90000000e-01  1.10000000e-01  3.00000000e-02
   1.20000000e-01  8.00000000e-02 -2.20000000e-01  2.00000000e-02
  -4.00000000e-02 -2.00000000e-01 -1.50000000e-01 -2.00000000e-01
  -4.30000000e-01 -7.00000000e-02 -2.20000000e-01 -1.40000000e-01
   1.00000000e-02  6.00000000e-02 -5.00000000e-02 -2.00000000e-01
  -8.00000000e-02 -1.20000000e-01  4.00000000e-02  9.00000000e-02
  -2.70000000e-01 -3.40000000e-01 -3.60000000e-01 -3.60000000e-01
  -1.90000000e-01 -2.60000000e-01 -2.10000000e-01  7.00000000e-02
   5.00000000e-02  2.30000000e-01  1.70000000e-01  1.20000000e-01
   1.40000000e-01 -1.00000000e-02 -4.00000000e-02 -4.00000000e-02
  -3.00000000e-02 -1.50000000e-01  5.00000000e-02 -0.00000000e+00
  -1.00000000e-02  2.10000000e-01  8.00000000e-02  4.00000000e-02
   1.60000000e-01  0.00000000e+00]
 [-1.90000000e-01 -1.00000000e-01 -5.00000000e-02 -8.00000000e-02
  -3.70000000e-01 -1.80000000e-01 -2.00000000e-02  1.00000000e-02
   1.60000000e-01  1.00000000e-01  2.20000000e-01  4.40000000e-01
   3.20000000e-01  2.10000000e-01  4.10000000e-01  4.10000000e-01
   1.90000000e-01  1.00000000e-01  4.30000000e-01  3.30000000e-01
   2.40000000e-01  2.00000000e-01  2.40000000e-01  1.00000000e-01
   2.00000000e-02  1.80000000e-01  3.00000000e-02  2.30000000e-01
   2.80000000e-01  1.40000000e-01  1.30000000e-01  2.30000000e-01
  -4.00000000e-02 -1.00000000e-01 -3.00000000e-02  1.00000000e-02
   1.10000000e-01  4.00000000e-02 -2.00000000e-02  1.20000000e-01
   1.40000000e-01 -8.00000000e-02  4.00000000e-02 -3.00000000e-02
   1.00000000e-01  2.30000000e-01  1.00000000e-02  2.10000000e-01
   5.00000000e-02  2.00000000e-02  1.70000000e-01  1.90000000e-01
   9.00000000e-02  9.00000000e-02 -2.00000000e-02 -1.20000000e-01
   6.00000000e-02 -2.40000000e-01  1.40000000e-01 -1.00000000e-02
   8.00000000e-02  3.00000000e-02 -9.00000000e-02 -8.00000000e-02
   6.00000000e-02 -1.80000000e-01  3.00000000e-02 -8.00000000e-02
  -3.00000000e-02 -5.00000000e-02 -1.60000000e-01  1.40000000e-01
   3.00000000e-02  0.00000000e+00]
 [-3.00000000e-02 -4.00000000e-02  4.00000000e-02  1.10000000e-01
   8.00000000e-02 -2.00000000e-02  1.00000000e-02  2.00000000e-01
   1.00000000e-02 -4.00000000e-02 -8.00000000e-02 -2.00000000e-02
   0.00000000e+00  9.00000000e-02 -1.60000000e-01  1.00000000e-02
   6.00000000e-02 -8.00000000e-02 -7.00000000e-02  1.20000000e-01
  -1.30000000e-01  1.50000000e-01 -9.00000000e-02 -5.00000000e-02
  -8.00000000e-02 -8.00000000e-02 -1.10000000e-01 -1.20000000e-01
  -6.00000000e-02 -2.00000000e-01 -1.90000000e-01  2.00000000e-02
  -5.00000000e-02 -9.00000000e-02 -5.00000000e-02 -7.00000000e-02
   2.00000000e-02 -1.00000000e-01 -9.00000000e-02 -2.20000000e-01
   9.00000000e-02  0.00000000e+00 -9.00000000e-02 -1.50000000e-01
  -1.20000000e-01  4.00000000e-02 -3.00000000e-02 -2.00000000e-02
  -2.00000000e-02 -9.00000000e-02  2.00000000e-02  1.10000000e-01
   1.10000000e-01 -0.00000000e+00  8.00000000e-02 -5.00000000e-02
   1.20000000e-01 -1.00000000e-02 -1.00000000e-02  2.80000000e-01
   2.10000000e-01  1.70000000e-01  2.20000000e-01  2.90000000e-01
   2.30000000e-01  1.50000000e-01 -6.00000000e-02  7.00000000e-02
   1.00000000e-02 -6.00000000e-02 -1.40000000e-01 -1.50000000e-01
  -2.10000000e-01 -0.00000000e+00]
 [ 2.00000000e-01  2.50000000e-01  8.00000000e-02  1.00000000e-01
   1.30000000e-01  1.70000000e-01  4.00000000e-02 -8.00000000e-02
  -1.00000000e-02 -1.00000000e-02  1.30000000e-01  1.30000000e-01
   1.00000000e-01  9.00000000e-02  3.20000000e-01  3.40000000e-01
   3.10000000e-01  1.70000000e-01  1.00000000e-01 -1.70000000e-01
  -3.70000000e-01  1.50000000e-01  7.00000000e-02  1.00000000e-02
  -1.20000000e-01 -6.00000000e-02  7.00000000e-02  8.00000000e-02
  -3.90000000e-01 -1.80000000e-01 -7.00000000e-02 -1.70000000e-01
  -1.40000000e-01 -1.80000000e-01 -3.00000000e-01 -1.80000000e-01
  -1.70000000e-01 -1.50000000e-01  1.50000000e-01 -3.30000000e-01
  -2.00000000e-02  2.00000000e-02 -1.00000000e-02  9.00000000e-02
  -5.00000000e-02 -8.00000000e-02 -4.50000000e-01             nan
              nan             nan             nan             nan
              nan             nan             nan             nan
              nan             nan             nan             nan
              nan             nan             nan             nan
              nan             nan             nan             nan
              nan             nan             nan             nan
              nan             nan]
 [-1.00000000e-01 -2.00000000e-01  1.00000000e-02  4.00000000e-02
   6.00000000e-02 -8.00000000e-02  1.30000000e-01  3.00000000e-02
   1.50000000e-01  7.00000000e-02 -2.00000000e-02 -1.10000000e-01
   1.00000000e-01  1.10000000e-01  3.00000000e-02 -1.00000000e-02
   1.20000000e-01  8.00000000e-02  1.80000000e-01  1.40000000e-01
   5.00000000e-02  1.30000000e-01  1.70000000e-01  2.20000000e-01
   2.90000000e-01  2.20000000e-01  3.00000000e-02  1.10000000e-01
  -4.00000000e-02  5.00000000e-02 -1.20000000e-01 -3.00000000e-02
   6.00000000e-02  8.00000000e-02 -2.00000000e-02  1.20000000e-01
   6.00000000e-02  1.90000000e-01  4.00000000e-02  9.00000000e-02
   1.10000000e-01  1.40000000e-01  1.00000000e-01  1.30000000e-01
  -4.00000000e-02  1.00000000e-02 -9.00000000e-02  1.00000000e-02
   6.00000000e-02  1.40000000e-01  1.80000000e-01  1.20000000e-01
   2.00000000e-02  1.20000000e-01  5.00000000e-02 -6.00000000e-02
  -1.00000000e-02 -2.00000000e-02 -1.00000000e-01 -9.00000000e-02
   7.00000000e-02  1.00000000e-02 -5.00000000e-02  2.10000000e-01
  -1.10000000e-01  1.60000000e-01  2.60000000e-01  1.40000000e-01
  -5.00000000e-02  1.00000000e-02  1.40000000e-01 -6.00000000e-02
   1.20000000e-01  1.39804329e-76]
 [-2.40000000e-01 -3.40000000e-01 -2.90000000e-01 -1.20000000e-01
  -2.30000000e-01 -3.40000000e-01 -2.30000000e-01 -1.40000000e-01
  -2.70000000e-01 -2.10000000e-01 -3.30000000e-01 -2.60000000e-01
  -3.80000000e-01 -3.60000000e-01 -2.60000000e-01 -1.90000000e-01
  -2.10000000e-01 -2.00000000e-01 -2.70000000e-01 -1.70000000e-01
  -2.60000000e-01 -3.70000000e-01 -3.40000000e-01 -2.40000000e-01
  -3.10000000e-01 -4.60000000e-01 -4.10000000e-01 -3.10000000e-01
  -2.30000000e-01 -9.00000000e-02 -1.70000000e-01 -1.80000000e-01
  -1.00000000e-02  2.00000000e-02 -1.50000000e-01 -2.80000000e-01
  -1.90000000e-01 -1.00000000e-01 -1.30000000e-01 -3.50000000e-01
  -1.10000000e-01 -1.00000000e-01 -1.70000000e-01  1.80000000e-01
   9.00000000e-02  1.00000000e-02  9.00000000e-02  1.40000000e-01
   1.10000000e-01 -5.00000000e-02  4.00000000e-02  8.00000000e-02
  -1.50000000e-01  4.00000000e-02  1.30000000e-01  2.10000000e-01
   5.00000000e-02  1.10000000e-01  3.00000000e-02  7.00000000e-02
   7.00000000e-02  1.20000000e-01 -4.00000000e-02 -1.80000000e-01
   2.20000000e-01  1.50000000e-01  1.90000000e-01  3.30000000e-01
   2.20000000e-01  3.90000000e-01  1.60000000e-01  1.70000000e-01
   2.10000000e-01  2.90000000e-01]]
new_arr:  [[-3.40000000e-001 -3.70000000e-001 -2.30000000e-001 -3.90000000e-001
  -3.10000000e-001 -3.10000000e-001 -3.50000000e-001 -5.10000000e-001
  -2.00000000e-001 -3.00000000e-001 -3.20000000e-001 -2.30000000e-001
  -3.90000000e-001 -1.80000000e-001 -2.70000000e-001 -2.90000000e-001
  -5.00000000e-002 -8.00000000e-002 -7.00000000e-002  2.00000000e-002
  -2.20000000e-001 -1.10000000e-001  7.00000000e-002 -1.60000000e-001
  -1.40000000e-001 -1.00000000e-002  1.60000000e-001 -1.90000000e-001
   2.00000000e-002  1.00000000e-002 -2.10000000e-001  1.10000000e-001
   6.00000000e-002  2.50000000e-001  8.00000000e-002 -2.00000000e-002
  -4.00000000e-002 -3.50000000e-001 -1.20000000e-001 -2.20000000e-001
  -3.20000000e-001 -2.70000000e-001 -2.30000000e-001 -2.10000000e-001
  -1.70000000e-001 -3.10000000e-001 -4.00000000e-002 -1.20000000e-001
  -1.70000000e-001 -9.00000000e-002  1.00000000e-002  1.10000000e-001
   2.20000000e-001  1.20000000e-001 -2.00000000e-002 -2.00000000e-001
  -2.30000000e-001 -3.00000000e-001 -1.90000000e-001 -1.20000000e-001
  -7.00000000e-002 -6.00000000e-002  1.00000000e-002  2.10000000e-001
  -1.10000000e-001  2.00000000e-002  0.00000000e+000 -6.00000000e-002
   3.10000000e-001  2.70000000e-001  3.70000000e-001  4.30000000e-001
   4.50000000e-001  2.70000000e-001]
 [ 3.00000000e-002 -1.10000000e-001 -1.60000000e-001 -8.00000000e-002
  -1.20000000e-001  0.00000000e+000 -1.10000000e-001  7.00000000e-002
  -9.00000000e-002  7.00000000e-002 -4.00000000e-002  0.00000000e+000
   1.00000000e-001  1.70000000e-001  2.00000000e-001  2.30000000e-001
   1.60000000e-001 -4.00000000e-002  2.10000000e-001  2.30000000e-001
  -0.00000000e+000  1.10000000e-001  2.20000000e-001  2.10000000e-001
   1.80000000e-001  3.10000000e-001  9.00000000e-002  2.00000000e-001
   1.00000000e-002  8.00000000e-002  1.30000000e-001  1.20000000e-001
   4.00000000e-002 -9.00000000e-002 -1.30000000e-001  1.80000000e-001
  -9.00000000e-002  1.20000000e-001  1.00000000e-001 -2.00000000e-002
  -9.00000000e-002 -1.00000000e-002 -3.90000000e-001 -3.10000000e-001
  -5.20000000e-001 -3.10000000e-001 -1.80000000e-001 -4.30000000e-001
  -2.80000000e-001 -2.80000000e-001 -3.60000000e-001 -3.00000000e-001
  -4.30000000e-001 -4.60000000e-001 -2.20000000e-001 -2.40000000e-001
  -3.50000000e-001 -3.40000000e-001 -4.20000000e-001 -4.30000000e-001
  -3.10000000e-001 -3.40000000e-001 -3.30000000e-001 -3.70000000e-001
  -4.60000000e-001 -4.80000000e-001 -2.70000000e-001 -3.90000000e-001
  -3.50000000e-001 -3.00000000e-001 -2.90000000e-001 -2.10000000e-001
  -1.50000000e-001  4.65286747e-310]
 [ 4.00000000e-002 -1.30000000e-001 -1.10000000e-001  3.00000000e-002
   2.00000000e-002  1.60000000e-001  2.20000000e-001 -1.00000000e-002
  -6.00000000e-002  3.00000000e-002 -1.60000000e-001 -1.80000000e-001
   0.00000000e+000 -7.00000000e-002 -9.00000000e-002 -1.40000000e-001
  -3.00000000e-002 -2.00000000e-001 -3.70000000e-001 -6.00000000e-002
  -7.00000000e-002  1.10000000e-001 -6.00000000e-002  9.00000000e-002
  -1.60000000e-001  8.00000000e-002  8.00000000e-002  7.00000000e-002
   7.00000000e-002  4.00000000e-002 -0.00000000e+000  1.20000000e-001
   2.60000000e-001  1.60000000e-001  1.00000000e-002  2.20000000e-001
   2.00000000e-002  2.10000000e-001  1.00000000e-002 -3.00000000e-002
  -1.60000000e-001  5.00000000e-002 -4.00000000e-002 -1.00000000e-001
  -9.00000000e-002  0.00000000e+000  1.70000000e-001  1.20000000e-001
  -2.00000000e-002 -1.30000000e-001  6.00000000e-002  1.60000000e-001
  -2.00000000e-002 -6.00000000e-002 -7.00000000e-002 -9.00000000e-002
   1.10000000e-001 -1.10000000e-001  1.00000000e-002 -1.30000000e-001
  -1.00000000e-001  7.00000000e-002 -1.00000000e-001 -3.00000000e-001
  -1.80000000e-001 -1.60000000e-001  6.00000000e-002 -2.10000000e-001
  -8.00000000e-002 -0.00000000e+000  6.00000000e-002 -7.00000000e-002
  -1.20000000e-001 -1.40000000e-001]
 [-1.10000000e-001 -2.80000000e-001 -2.00000000e-001 -4.40000000e-001
  -2.50000000e-001 -3.00000000e-001  1.50000000e-001  1.10000000e-001
  -4.00000000e-001 -1.40000000e-001  1.10000000e-001  8.00000000e-002
   1.50000000e-001  2.00000000e-001  2.40000000e-001  5.00000000e-002
  -5.00000000e-002  7.00000000e-002  0.00000000e+000 -2.00000000e-002
   1.00000000e-001 -4.00000000e-002 -9.00000000e-002 -2.00000000e-002
  -2.20000000e-001  2.50000000e-001 -7.00000000e-002  7.00000000e-002
  -1.10000000e-001  1.40000000e-001 -4.00000000e-002  1.20000000e-001
   1.80000000e-001  2.30000000e-001  2.00000000e-002  6.00000000e-002
   6.00000000e-002  1.20000000e-001  1.70000000e-001 -1.00000000e-001
  -5.00000000e-002 -1.30000000e-001 -2.70000000e-001  4.00000000e-002
   2.70000000e-001  2.10000000e-001  2.70000000e-001  2.00000000e-001
  -7.00000000e-002 -2.00000000e-001 -2.00000000e-002 -9.00000000e-002
  -5.00000000e-002 -8.00000000e-002  1.10000000e-001 -1.00000000e-002
   1.00000000e-001  1.60000000e-001  1.60000000e-001  1.10000000e-001
   1.10000000e-001  3.60000000e-001  6.00000000e-002 -0.00000000e+000
   2.40000000e-001  1.10000000e-001 -0.00000000e+000  0.00000000e+000
  -1.30000000e-001  1.10000000e-001  8.00000000e-002  1.90000000e-001
   5.00000000e-002 -1.00000000e-002]
 [ 1.00000000e-001 -2.00000000e-002  7.00000000e-002 -9.00000000e-002
   3.00000000e-002 -1.00000000e-002 -2.60000000e-001 -1.80000000e-001
  -1.40000000e-001 -1.00000000e-001  9.00000000e-002 -1.30000000e-001
  -1.30000000e-001 -1.60000000e-001  1.60000000e-001 -1.50000000e-001
  -4.00000000e-002 -1.10000000e-001 -8.00000000e-002 -4.00000000e-002
   4.00000000e-002  5.00000000e-002 -1.40000000e-001 -1.70000000e-001
  -1.10000000e-001  1.70000000e-001 -1.10000000e-001 -2.00000000e-001
   4.00000000e-002 -1.90000000e-001 -4.00000000e-002  7.00000000e-002
  -0.00000000e+000  1.40000000e-001 -2.00000000e-002 -9.00000000e-002
  -3.00000000e-002 -1.50000000e-001 -1.00000000e-002 -1.00000000e-001
   1.00000000e-002 -5.00000000e-002 -5.00000000e-002 -9.00000000e-002
   3.00000000e-002 -2.80000000e-001 -2.70000000e-001 -1.40000000e-001
  -1.90000000e-001 -3.00000000e-002 -7.00000000e-002 -1.70000000e-001
   1.20000000e-001 -2.00000000e-002 -1.50000000e-001 -1.10000000e-001
  -2.20000000e-001  1.10000000e-001 -6.00000000e-002 -1.40000000e-001
  -8.00000000e-002  6.00000000e-002 -1.20000000e-001 -5.00000000e-002
  -5.00000000e-002  5.00000000e-002  5.00000000e-002 -1.90000000e-001
   7.00000000e-002 -1.00000000e-002  1.00000000e-001 -1.80000000e-001
   5.00000000e-002  9.00000000e-002]
 [-1.70000000e-001 -1.30000000e-001 -2.40000000e-001 -3.40000000e-001
  -6.00000000e-002 -1.30000000e-001  3.00000000e-002 -1.10000000e-001
   4.00000000e-002 -1.50000000e-001 -2.40000000e-001  3.00000000e-002
  -2.30000000e-001 -5.00000000e-002 -4.00000000e-002 -2.00000000e-001
  -5.00000000e-002 -2.50000000e-001 -4.00000000e-002  2.10000000e-001
  -1.10000000e-001 -1.80000000e-001 -1.00000000e-002 -5.00000000e-002
   1.00000000e-001  1.40000000e-001  3.00000000e-002  9.00000000e-002
  -4.00000000e-002  6.00000000e-002  8.00000000e-002  6.00000000e-002
   1.00000000e-001  1.20000000e-001 -7.00000000e-002  6.00000000e-002
  -3.00000000e-002 -9.00000000e-002  1.00000000e-001 -2.60000000e-001
  -1.00000000e-002 -1.40000000e-001 -2.00000000e-002  2.00000000e-001
   2.00000000e-002 -2.00000000e-002 -5.00000000e-002 -3.00000000e-002
   1.50000000e-001 -1.70000000e-001  2.00000000e-002 -1.00000000e-002
   3.00000000e-002  8.00000000e-002  4.00000000e-002 -2.60000000e-001
  -3.00000000e-002  1.00000000e-001  1.50000000e-001  1.00000000e-002
   4.70000000e-001  3.40000000e-001  1.90000000e-001  4.10000000e-001
   4.70000000e-001  3.00000000e-001  2.10000000e-001  2.50000000e-001
  -2.00000000e-002 -4.00000000e-002 -1.80000000e-001 -1.60000000e-001
  -1.90000000e-001 -2.40000000e-001]
 [-9.00000000e-002  2.00000000e-002  0.00000000e+000 -1.40000000e-001
  -1.30000000e-001 -2.00000000e-002  1.30000000e-001  0.00000000e+000
   1.70000000e-001 -0.00000000e+000  9.00000000e-002  2.60000000e-001
   1.10000000e-001  9.00000000e-002 -5.00000000e-002  1.10000000e-001
   8.00000000e-002  2.70000000e-001  2.70000000e-001  1.80000000e-001
   2.40000000e-001  2.60000000e-001  2.10000000e-001  3.80000000e-001
   2.10000000e-001  1.70000000e-001  1.70000000e-001  1.80000000e-001
   6.00000000e-002  6.00000000e-002 -8.00000000e-002  1.20000000e-001
   1.70000000e-001  3.10000000e-001  3.00000000e-001  2.40000000e-001
  -2.00000000e-002 -2.60000000e-001  2.00000000e-002 -1.00000000e-001
  -1.80000000e-001 -2.90000000e-001 -1.80000000e-001 -1.50000000e-001
  -3.90000000e-001 -3.40000000e-001 -1.70000000e-001 -1.10000000e-001
  -3.00000000e-002 -1.00000000e-002  6.00000000e-002  1.40000000e-001
   2.10000000e-001 -7.00000000e-002 -6.00000000e-002 -3.10000000e-001
  -2.20000000e-001 -1.00000000e-001 -2.70000000e-001 -1.90000000e-001
  -3.00000000e-001 -2.70000000e-001  1.00000000e-002  0.00000000e+000
  -1.00000000e-001 -2.70000000e-001 -2.50000000e-001 -3.50000000e-001
  -1.40000000e-001 -2.00000000e-001 -1.50000000e-001 -1.00000000e-001
  -3.00000000e-002 -1.60000000e-001]
 [-2.80000000e-001 -2.10000000e-001 -1.80000000e-001 -2.00000000e-001
  -3.40000000e-001 -2.00000000e-001 -1.30000000e-001 -1.80000000e-001
   0.00000000e+000 -0.00000000e+000  1.50000000e-001  4.00000000e-001
   1.90000000e-001  2.40000000e-001  3.00000000e-001  1.00000000e-001
   9.00000000e-002  2.10000000e-001  3.10000000e-001  2.10000000e-001
   1.90000000e-001  1.00000000e-002 -1.00000000e-001  5.00000000e-002
  -1.10000000e-001 -2.00000000e-002 -1.00000000e-001 -2.00000000e-002
   2.00000000e-002  7.00000000e-002  1.20000000e-001  3.00000000e-001
  -3.00000000e-002 -1.10000000e-001 -1.00000000e-001  1.10000000e-001
   1.60000000e-001  0.00000000e+000 -8.00000000e-002  6.00000000e-002
   2.10000000e-001  4.00000000e-002  2.00000000e-002 -4.00000000e-002
   5.00000000e-002  1.50000000e-001  1.70000000e-001  2.80000000e-001
   8.00000000e-002  2.40000000e-001  4.20000000e-001  4.00000000e-001
   2.50000000e-001  7.00000000e-002 -8.00000000e-002 -1.00000000e-001
   1.20000000e-001 -2.10000000e-001  0.00000000e+000 -1.00000000e-002
   9.00000000e-002  2.00000000e-002 -4.00000000e-002 -1.70000000e-001
   1.10000000e-001 -1.50000000e-001 -1.20000000e-001 -0.00000000e+000
  -3.00000000e-002 -2.00000000e-002  1.00000000e-002  1.20000000e-001
  -1.40000000e-001 -1.40000000e-001]
 [ 1.00000000e-002 -3.00000000e-001 -4.10000000e-001 -1.80000000e-001
  -4.40000000e-001 -3.70000000e-001 -2.90000000e-001 -1.30000000e-001
  -1.80000000e-001  0.00000000e+000  1.40000000e-001  1.00000000e-002
  -1.30000000e-001  4.00000000e-002 -4.00000000e-002 -1.30000000e-001
  -1.10000000e-001 -1.80000000e-001 -7.00000000e-002 -6.00000000e-002
  -1.00000000e-002  8.00000000e-002  1.40000000e-001  2.20000000e-001
   1.50000000e-001  2.00000000e-002  1.70000000e-001  2.60000000e-001
   2.30000000e-001  1.10000000e-001 -6.00000000e-002 -2.40000000e-001
  -1.20000000e-001 -2.00000000e-001 -3.20000000e-001  5.00000000e-002
  -1.40000000e-001 -1.10000000e-001 -2.40000000e-001 -9.00000000e-002
  -1.70000000e-001 -3.00000000e-002  8.00000000e-002  1.70000000e-001
   2.20000000e-001  1.80000000e-001  1.40000000e-001 -7.00000000e-002
   2.20000000e-001  5.00000000e-002  2.00000000e-002  2.90000000e-001
   1.00000000e-001  7.00000000e-002 -1.80000000e-001  6.00000000e-002
   7.00000000e-002 -2.70000000e-001 -1.70000000e-001 -2.20000000e-001
  -1.30000000e-001 -6.00000000e-002 -4.00000000e-002  1.40000000e-001
   1.20000000e-001  1.20000000e-001  2.10000000e-001  3.20000000e-001
   5.00000000e-002  1.60000000e-001 -4.00000000e-002  0.00000000e+000
  -1.40000000e-001 -3.00000000e-001]
 [-6.00000000e-002  1.90000000e-001  1.30000000e-001 -5.00000000e-002
   7.00000000e-002  1.00000000e-002 -4.00000000e-002  1.00000000e-001
  -5.00000000e-002 -8.00000000e-002  9.00000000e-002 -4.00000000e-002
  -1.20000000e-001 -8.00000000e-002 -6.00000000e-002 -2.00000000e-002
   1.30000000e-001 -1.60000000e-001  5.00000000e-002 -1.60000000e-001
  -1.70000000e-001 -1.10000000e-001 -5.00000000e-002 -1.80000000e-001
  -6.00000000e-002 -9.00000000e-002 -5.00000000e-002 -4.00000000e-002
   8.00000000e-002 -6.00000000e-002 -1.40000000e-001 -1.10000000e-001
   5.00000000e-002 -4.00000000e-002 -1.10000000e-001  1.30000000e-001
   3.00000000e-002  1.50000000e-001  2.00000000e-001  2.30000000e-001
   1.10000000e-001  1.50000000e-001 -1.00000000e-002  6.00000000e-002
   9.00000000e-002  2.40000000e-001  2.40000000e-001              nan
               nan              nan              nan              nan
               nan              nan              nan              nan
               nan              nan              nan              nan
               nan              nan              nan              nan
               nan              nan              nan              nan
               nan              nan              nan              nan
               nan              nan]
 [-1.50000000e-001 -1.10000000e-001 -2.50000000e-001 -2.70000000e-001
   1.00000000e-002 -2.60000000e-001 -7.00000000e-002 -1.50000000e-001
  -1.80000000e-001 -1.60000000e-001 -2.00000000e-002 -2.40000000e-001
  -2.30000000e-001  1.80000000e-001  1.90000000e-001  2.50000000e-001
   2.10000000e-001  3.70000000e-001  2.20000000e-001  1.20000000e-001
   7.00000000e-002  2.00000000e-002 -2.00000000e-002  1.10000000e-001
   2.00000000e-001  2.00000000e-002  2.60000000e-001  2.20000000e-001
   2.10000000e-001  1.00000000e-001  1.20000000e-001 -1.00000000e-002
   1.60000000e-001 -5.00000000e-002  2.00000000e-002  3.00000000e-002
  -1.10000000e-001 -1.30000000e-001 -1.60000000e-001 -6.00000000e-002
   7.00000000e-002  4.00000000e-002  3.70000000e-001  2.00000000e-002
   2.30000000e-001 -1.00000000e-002 -9.00000000e-002 -3.00000000e-002
   3.00000000e-002 -5.00000000e-002  2.00000000e-002  2.00000000e-001
   1.30000000e-001  1.80000000e-001 -1.00000000e-002  2.60000000e-001
   1.90000000e-001  2.00000000e-001  4.00000000e-002  1.10000000e-001
   5.00000000e-002 -4.00000000e-002 -1.20000000e-001  1.50000000e-001
  -2.00000000e-002 -0.00000000e+000  5.00000000e-002  0.00000000e+000
   1.70000000e-001 -3.00000000e-002  3.00000000e-002  2.60000000e-001
   1.60000000e-001 -1.00000000e-001]
 [-2.00000000e-002  1.60000000e-001 -3.00000000e-002 -4.00000000e-002
   1.70000000e-001  1.00000000e-002  2.40000000e-001  5.00000000e-002
   1.30000000e-001  1.40000000e-001 -1.60000000e-001 -2.00000000e-002
   1.50000000e-001  8.00000000e-002  7.00000000e-002 -0.00000000e+000
  -9.00000000e-002 -5.00000000e-002 -0.00000000e+000 -2.00000000e-002
  -1.90000000e-001 -3.00000000e-002  7.00000000e-002  6.00000000e-002
  -5.00000000e-002  2.00000000e-001  3.00000000e-002  2.00000000e-001
   4.00000000e-002  2.30000000e-001  2.20000000e-001  1.60000000e-001
   2.60000000e-001  9.00000000e-002  2.50000000e-001  1.70000000e-001
   3.40000000e-001  2.00000000e-001  2.20000000e-001  2.30000000e-001
   2.60000000e-001  1.30000000e-001  3.50000000e-001  1.70000000e-001
   1.30000000e-001  0.00000000e+000  1.00000000e-002  1.40000000e-001
   3.00000000e-002  1.50000000e-001  7.00000000e-002  2.20000000e-001
   2.60000000e-001  3.40000000e-001  1.20000000e-001  2.90000000e-001
   4.20000000e-001  3.60000000e-001  1.10000000e-001  1.40000000e-001
   4.00000000e-002 -6.00000000e-002  1.00000000e-002  6.00000000e-002
   1.60000000e-001  2.70000000e-001  2.20000000e-001  1.50000000e-001
   1.40000000e-001  2.90000000e-001  3.00000000e-001  3.70000000e-001
   1.20000000e-001  1.30000000e-001]]
new_arr:  [[-0.14 -0.29 -0.05 -0.05 -0.25 -0.15 -0.34 -0.33 -0.18 -0.09 -0.21 -0.18
  -0.4   0.04 -0.18 -0.18  0.08  0.08  0.12  0.14 -0.02  0.03  0.22 -0.03
  -0.05  0.2  -0.05 -0.09  0.06 -0.02 -0.04  0.22  0.18  0.38  0.2  -0.01
  -0.17 -0.28 -0.15 -0.05 -0.15  0.03 -0.32 -0.17 -0.15 -0.17 -0.   -0.2
  -0.11 -0.04  0.12  0.19  0.18  0.1   0.18 -0.09 -0.18 -0.25 -0.1  -0.41
  -0.14 -0.22 -0.26  0.05 -0.18 -0.24 -0.09 -0.08  0.09  0.01  0.07  0.23
   0.13  0.19]
 [ 0.15 -0.01 -0.01  0.03 -0.11  0.11  0.07  0.02 -0.08 -0.16 -0.12  0.11
  -0.1   0.09  0.09  0.    0.17 -0.12  0.08  0.    0.    0.03  0.02  0.05
   0.09 -0.09  0.14 -0.06 -0.36  0.04 -0.11 -0.07 -0.16 -0.27 -0.28  0.28
  -0.21 -0.09 -0.06 -0.1  -0.06  0.07 -0.18 -0.44 -0.44 -0.28 -0.3  -0.34
  -0.06 -0.19 -0.19 -0.35 -0.4  -0.34 -0.08 -0.29 -0.31  0.05 -0.12 -0.34
  -0.17 -0.29 -0.24 -0.15 -0.56 -0.23 -0.16 -0.43 -0.23 -0.21 -0.26 -0.01
  -0.22 -0.19]
 [ 0.05  0.13 -0.02 -0.16 -0.13 -0.13 -0.11  0.09  0.17  0.17  0.27  0.19
   0.26  0.02  0.1   0.05 -0.18  0.15  0.12  0.12  0.22 -0.04 -0.13  0.04
   0.09  0.05  0.06  0.08  0.05  0.04  0.17  0.07  0.05  0.01 -0.17 -0.15
  -0.16 -0.19 -0.19 -0.06 -0.23 -0.03 -0.17 -0.02  0.06 -0.12 -0.1  -0.24
  -0.1   0.01 -0.1  -0.42 -0.11  0.22 -0.02 -0.06 -0.2  -0.15 -0.07 -0.07
  -0.27 -0.26 -0.01  0.17  0.04 -0.   -0.22 -0.07 -0.06 -0.   -0.01 -0.02
  -0.14 -0.04]
 [-0.05 -0.39 -0.2  -0.39 -0.2  -0.26  0.23  0.14 -0.3   0.07 -0.18  0.09
   0.21  0.28  0.22  0.16  0.07  0.27  0.08  0.14  0.2   0.22  0.    0.14
  -0.06  0.21 -0.    0.05  0.12  0.08  0.09  0.13  0.15  0.27  0.02  0.2
   0.17  0.07 -0.03 -0.2  -0.18  0.02 -0.18  0.07  0.2   0.13  0.05  0.2
  -0.25 -0.28 -0.12 -0.07 -0.18 -0.21 -0.13 -0.02 -0.08 -0.03 -0.05  0.08
  -0.08  0.06  0.03 -0.12  0.07  0.06 -0.13 -0.04 -0.17 -0.05  0.09 -0.01
  -0.13  0.01]
 [-0.04 -0.03 -0.23  0.26 -0.09 -0.03 -0.02  0.02 -0.06 -0.   -0.   -0.27
  -0.01 -0.05 -0.16 -0.03  0.09 -0.06 -0.21 -0.1   0.02 -0.09  0.17  0.16
   0.19  0.14  0.04  0.03  0.01  0.21  0.13 -0.16  0.08 -0.05 -0.09  0.04
  -0.06  0.    0.1   0.27  0.2  -0.01 -0.03  0.09 -0.13  0.17  0.21  0.12
   0.08  0.15 -0.18  0.    0.01  0.    0.04 -0.01  0.08 -0.17 -0.12 -0.1
   0.06 -0.09 -0.    0.05  0.1  -0.17 -0.1   0.19  0.05  0.01  0.19  0.04
   0.02  0.18]
 [ 0.12 -0.03 -0.02 -0.16 -0.03 -0.17 -0.01 -0.04  0.1  -0.13 -0.15  0.09
  -0.    0.14 -0.02 -0.02  0.04 -0.1   0.02  0.14 -0.05 -0.11 -0.16 -0.08
  -0.06 -0.05 -0.02  0.16  0.05  0.05 -0.01 -0.12 -0.21  0.04 -0.08 -0.21
  -0.   -0.1  -0.14 -0.19 -0.18 -0.25 -0.05  0.   -0.1  -0.14 -0.16 -0.15
  -0.08 -0.11 -0.07 -0.12  0.01 -0.03 -0.05 -0.23 -0.06 -0.07  0.42  0.02
   0.42  0.48  0.1   0.33  0.49  0.13  0.13 -0.03 -0.34 -0.17 -0.29 -0.37
  -0.28 -0.32]
 [-0.08 -0.14 -0.2   0.07 -0.25 -0.21 -0.28 -0.25 -0.23 -0.29 -0.19 -0.23
  -0.12 -0.21 -0.03 -0.2   0.01 -0.02  0.01  0.01 -0.11 -0.07 -0.06 -0.25
  -0.04 -0.11 -0.08 -0.19 -0.07 -0.05 -0.06 -0.06  0.02 -0.21 -0.26 -0.13
  -0.25  0.04 -0.17 -0.21 -0.13  0.12 -0.07 -0.08  0.06  0.06  0.2   0.15
  -0.1  -0.21 -0.07 -0.12 -0.12 -0.04 -0.08  0.06  0.   -0.03  0.01 -0.03
   0.02 -0.04 -0.29 -0.31 -0.19  0.07 -0.08  0.07 -0.26  0.09 -0.1   0.06
   0.02  0.23]
 [ 0.32  0.35  0.39  0.37  0.48  0.44  0.23  0.46  0.32  0.27  0.24 -0.19
  -0.02 -0.2  -0.19 -0.07 -0.01 -0.25 -0.21 -0.06  0.04  0.05  0.11  0.08
   0.11  0.21  0.24  0.09  0.05  0.3  -0.06  0.08  0.38  0.17  0.23  0.14
  -0.03  0.19  0.07  0.1   0.22  0.05  0.24  0.18  0.16 -0.12  0.07 -0.
   0.04 -0.09 -0.05 -0.02 -0.08  0.1   0.19  0.04  0.03  0.16  0.24  0.14
   0.05 -0.02  0.17  0.19 -0.08  0.05 -0.09  0.02 -0.1  -0.11  0.01 -0.06
  -0.08 -0.23]
 [-0.14 -0.37 -0.44 -0.25 -0.45 -0.32 -0.14 -0.13  0.05 -0.03 -0.01 -0.04
  -0.03 -0.01 -0.13 -0.24 -0.26 -0.22 -0.14 -0.16 -0.19  0.08  0.06 -0.02
   0.06  0.01  0.22  0.26  0.28  0.03 -0.12 -0.16 -0.16 -0.09 -0.22  0.04
  -0.09  0.04 -0.33 -0.06 -0.08 -0.08  0.11  0.11 -0.    0.05  0.05 -0.18
   0.19  0.23  0.08  0.25  0.19  0.22 -0.02  0.14  0.13 -0.1  -0.11  0.
  -0.05  0.23  0.2   0.33  0.39  0.35  0.38  0.43  0.12  0.16  0.13 -0.15
  -0.09 -0.36]
 [ 0.02 -0.18 -0.1  -0.06 -0.08  0.02 -0.01  0.07  0.22  0.03 -0.01 -0.18
   0.14  0.03  0.13 -0.03 -0.18  0.09 -0.03 -0.04  0.15  0.03  0.06  0.21
   0.25  0.21  0.17  0.09  0.11  0.09  0.22 -0.07 -0.25 -0.08 -0.13 -0.03
   0.16 -0.12 -0.01 -0.21 -0.09 -0.03  0.03  0.03 -0.2  -0.04 -0.15   nan
    nan   nan   nan   nan   nan   nan   nan   nan   nan   nan   nan   nan
    nan   nan   nan   nan   nan   nan   nan   nan   nan   nan   nan   nan
    nan   nan]
 [-0.04 -0.04 -0.28 -0.35 -0.26 -0.26 -0.01 -0.08 -0.25 -0.2   0.08 -0.08
  -0.12  0.07  0.07  0.16  0.31  0.26  0.18  0.14  0.03 -0.26 -0.08  0.02
  -0.08  0.05  0.07  0.11  0.01 -0.07 -0.1  -0.08  0.21  0.17 -0.02 -0.24
  -0.18 -0.26 -0.16 -0.14 -0.1   0.01  0.22 -0.02  0.15 -0.1   0.05 -0.14
  -0.08 -0.02 -0.15  0.12  0.06  0.25  0.1   0.18  0.2   0.21 -0.06  0.09
  -0.04 -0.1  -0.18  0.   -0.15 -0.07 -0.01 -0.03 -0.07 -0.31 -0.18  0.22
  -0.05 -0.03]
 [-0.09 -0.03 -0.13 -0.01 -0.23 -0.19 -0.21 -0.1  -0.24 -0.04 -0.    0.09
  -0.07 -0.02 -0.13 -0.19  0.02 -0.07 -0.03 -0.    0.08 -0.07 -0.09 -0.07
   0.01 -0.03 -0.07 -0.08 -0.16 -0.01 -0.16 -0.05  0.   -0.12 -0.04 -0.12
  -0.08 -0.14 -0.24 -0.22 -0.2  -0.05 -0.08  0.01  0.06 -0.06 -0.02 -0.19
  -0.28 -0.32 -0.18 -0.17 -0.28 -0.14 -0.15 -0.06 -0.14 -0.07 -0.19 -0.01
   0.07  0.06 -0.01  0.01  0.12 -0.03  0.03  0.09 -0.05 -0.12 -0.1  -0.09
   0.02 -0.12]]
new_arr:  [[ 0.23  0.06  0.08  0.09  0.02  0.04 -0.01 -0.07  0.13  0.25 -0.18  0.17
   0.08 -0.05  0.15  0.05  0.13  0.06  0.07  0.15  0.16  0.18  0.15  0.18
   0.08 -0.03  0.04  0.11  0.04  0.08 -0.12  0.2   0.08  0.04  0.03 -0.16
   0.   -0.   -0.17 -0.01 -0.13 -0.11 -0.14 -0.19 -0.2  -0.13 -0.11 -0.09
   0.05  0.33  0.1   0.24  0.26 -0.02 -0.12  0.12  0.04 -0.2  -0.07 -0.07
   0.03  0.11 -0.08 -0.16  0.08 -0.06 -0.11 -0.26 -0.24 -0.03 -0.11 -0.07
  -0.08 -0.05]
 [-0.16 -0.19 -0.22 -0.25 -0.31 -0.22 -0.24 -0.02 -0.25 -0.09 -0.19 -0.26
  -0.1  -0.26 -0.11 -0.   -0.17 -0.17 -0.08  0.   -0.2  -0.18 -0.04 -0.12
  -0.14 -0.14  0.03 -0.   -0.28 -0.18 -0.28 -0.06 -0.05 -0.11 -0.24 -0.29
  -0.33 -0.04 -0.38 -0.23 -0.17 -0.14 -0.23 -0.33 -0.32 -0.15 -0.11 -0.24
  -0.28  0.02 -0.21 -0.04 -0.17 -0.14 -0.27 -0.32 -0.22 -0.23 -0.2  -0.12
  -0.17 -0.08 -0.05 -0.26 -0.13 -0.33 -0.15 -0.04 -0.11 -0.16  0.06 -0.12
  -0.16 -0.2 ]
 [-0.13  0.07 -0.17 -0.25  0.09 -0.22 -0.03 -0.09  0.17  0.1   0.21  0.15
   0.07 -0.09  0.04 -0.1   0.08 -0.09 -0.1  -0.02  0.05 -0.13  0.    0.08
  -0.18 -0.16 -0.07  0.04  0.01  0.16 -0.07  0.03  0.08 -0.12  0.    0.08
  -0.1  -0.21 -0.02 -0.25 -0.09 -0.03 -0.09 -0.18 -0.05 -0.01 -0.09  0.15
   0.01  0.03  0.05 -0.1  -0.07  0.04 -0.26  0.09 -0.06 -0.14  0.19 -0.05
  -0.14 -0.04 -0.09 -0.03  0.13 -0.13  0.16  0.07  0.04  0.14  0.06 -0.01
  -0.02  0.01]
 [-0.09 -0.31 -0.2  -0.11  0.01  0.08  0.09  0.11 -0.02  0.01 -0.17 -0.13
  -0.02  0.24  0.02  0.05 -0.02  0.11  0.09  0.27  0.01  0.18 -0.07 -0.21
  -0.29 -0.13 -0.22 -0.12 -0.1   0.13  0.15 -0.01  0.05  0.04 -0.11  0.
  -0.19 -0.11 -0.14 -0.29  0.04 -0.07  0.12  0.1  -0.03 -0.03 -0.12 -0.13
  -0.46 -0.16  0.08  0.01  0.04 -0.13 -0.16 -0.25 -0.18 -0.14  0.05 -0.04
  -0.24 -0.1   0.04 -0.17 -0.08 -0.15 -0.24 -0.15  0.04  0.02 -0.2  -0.19
  -0.2  -0.04]
 [-0.31 -0.19 -0.19 -0.11  0.06 -0.18 -0.14 -0.15  0.1   0.06 -0.01 -0.2
  -0.   -0.08 -0.1  -0.14 -0.   -0.13 -0.06 -0.04 -0.03  0.   -0.06  0.13
   0.17  0.32  0.23  0.16  0.17  0.03  0.21 -0.04  0.11  0.02 -0.05  0.04
  -0.09 -0.17 -0.13  0.31  0.17  0.01  0.11  0.07 -0.02 -0.21  0.06 -0.07
  -0.09  0.13 -0.13  0.09 -0.03  0.   -0.04 -0.22 -0.02  0.02 -0.04 -0.13
  -0.12 -0.14 -0.13 -0.02 -0.03  0.07 -0.07  0.02  0.08  0.03  0.22  0.16
   0.15 -0.01]
 [-0.04  0.1  -0.08  0.05  0.05 -0.06  0.05 -0.19 -0.09 -0.09 -0.05 -0.05
  -0.04 -0.15 -0.17 -0.07  0.25 -0.06  0.2  -0.05 -0.11  0.05  0.08  0.05
   0.06 -0.02  0.03  0.04  0.07 -0.03  0.07  0.18  0.18  0.11  0.25 -0.03
  -0.04  0.25  0.    0.09  0.19  0.24  0.13  0.25  0.1   0.06  0.11  0.19
   0.24  0.21  0.23  0.22  0.11  0.13  0.18  0.09  0.2   0.25  0.32 -0.21
  -0.01  0.07 -0.23  0.04  0.11 -0.23 -0.11 -0.31 -0.02 -0.22 -0.17 -0.21
  -0.37 -0.21]
 [ 0.02 -0.21 -0.16 -0.18 -0.3  -0.12 -0.2  -0.34 -0.03 -0.28  0.    0.07
  -0.02  0.16 -0.11 -0.04  0.1   0.03  0.01 -0.07 -0.03  0.12  0.16  0.08
   0.24  0.04  0.12  0.24  0.11  0.41  0.04  0.36  0.34  0.3   0.25  0.2
   0.04  0.06 -0.37 -0.32 -0.2  -0.35 -0.3  -0.37 -0.06 -0.06 -0.12 -0.
  -0.13 -0.06  0.28 -0.01  0.25 -0.05 -0.03 -0.11 -0.33 -0.22 -0.36 -0.38
  -0.11 -0.26 -0.34 -0.47 -0.27 -0.43 -0.24 -0.21 -0.11  0.07  0.09  0.06
   0.04  0.09]
 [ 0.17  0.28  0.26  0.21 -0.03  0.02  0.11  0.05  0.26  0.13  0.17  0.22
  -0.02  0.    0.38  0.38  0.06 -0.    0.25  0.25  0.35  0.35  0.43  0.22
   0.14  0.36  0.15  0.4   0.31  0.1   0.19  0.19  0.11 -0.09  0.02 -0.09
   0.15  0.13  0.12  0.21  0.23  0.01  0.24  0.17  0.16  0.19 -0.03  0.04
   0.19  0.01  0.03  0.23  0.27  0.35  0.02  0.08  0.08  0.13  0.2  -0.09
   0.01  0.2   0.01  0.18  0.12 -0.02  0.18 -0.01 -0.08 -0.07 -0.05  0.1
   0.01 -0.12]
 [ 0.03 -0.02 -0.1  -0.01 -0.02 -0.15 -0.13 -0.01  0.09  0.02 -0.2  -0.03
  -0.18 -0.19 -0.29 -0.27 -0.29 -0.11 -0.16 -0.15 -0.3  -0.11 -0.15 -0.13
  -0.18 -0.18 -0.19 -0.13 -0.2  -0.32 -0.32 -0.32 -0.27 -0.29 -0.39 -0.31
  -0.23 -0.35 -0.35 -0.3  -0.16 -0.18 -0.17 -0.2  -0.29 -0.2  -0.25 -0.43
   0.    0.   -0.17 -0.09 -0.02 -0.02  0.    0.09  0.16  0.1   0.09  0.31
   0.18  0.36  0.24  0.32  0.22  0.13  0.16 -0.03 -0.17 -0.04  0.06  0.03
   0.15 -0.03]
 [ 0.13 -0.04  0.01 -0.05  0.08  0.02 -0.01 -0.08  0.01 -0.09  0.23  0.06
   0.15  0.24  0.11  0.27 -0.04 -0.05 -0.23 -0.3  -0.3  -0.05  0.16  0.03
   0.08  0.17  0.16  0.24  0.    0.09  0.17 -0.11  0.03  0.07  0.02  0.07
   0.12  0.09  0.28  0.01  0.07  0.24  0.15  0.19 -0.04  0.07 -0.16   nan
    nan   nan   nan   nan   nan   nan   nan   nan   nan   nan   nan   nan
    nan   nan   nan   nan   nan   nan   nan   nan   nan   nan   nan   nan
    nan   nan]
 [-0.27 -0.11 -0.03 -0.    0.13 -0.15 -0.01  0.09  0.06 -0.08  0.1  -0.02
  -0.22 -0.12 -0.3  -0.08 -0.02  0.   -0.04 -0.03  0.06  0.09 -0.19  0.05
  -0.1   0.08 -0.2  -0.14 -0.21 -0.13 -0.25 -0.34 -0.29 -0.4  -0.23 -0.13
  -0.25 -0.26 -0.19 -0.29 -0.27 -0.37 -0.09 -0.24 -0.25 -0.23 -0.33 -0.27
  -0.17 -0.35 -0.37 -0.46 -0.33 -0.29 -0.32 -0.25 -0.16 -0.23 -0.14 -0.04
  -0.11 -0.01  0.1  -0.12 -0.03 -0.11 -0.02 -0.21 -0.06 -0.06 -0.15 -0.09
  -0.29  0.05]
 [-0.18  0.02 -0.15 -0.05 -0.07 -0.16 -0.02 -0.15  0.05 -0.12 -0.14  0.05
  -0.06  0.12  0.09  0.05  0.18  0.24  0.01  0.13 -0.07 -0.17 -0.03 -0.13
   0.02  0.13 -0.13  0.11  0.12  0.1   0.23  0.28  0.22  0.07  0.   -0.17
   0.04 -0.02 -0.02 -0.25 -0.02 -0.07 -0.02  0.33  0.12  0.15  0.1  -0.09
  -0.28 -0.34 -0.32 -0.33 -0.23 -0.21 -0.14  0.15  0.04  0.17 -0.12  0.18
  -0.12 -0.12 -0.23 -0.17 -0.07  0.15  0.22  0.16  0.06  0.18  0.16  0.11
   0.02  0.05]]
cluster_label:  7 , light_index:  2000
cluster_label:  7 , light_index:  3000
cluster_label:  7 , light_index:  4000
cluster_label:  7 , light_index:  5000
cluster_label:  7 , light_index:  6000
cluster_label:  7 , light_index:  7000
cluster_label:  7 , light_index:  8000
cluster_label:  7 , light_index:  9000
cluster_label:  7 , light_index:  10000
cluster_label:  7 , light_index:  11000
cluster_label:  7 , light_index:  12000
cluster_label:  7 , light_index:  13000
cluster_label:  7 , light_index:  14000
cluster_label:  7 , light_index:  15000
cluster_label:  7 , light_index:  16000
cluster_label:  7 , light_index:  17000
cluster_label:  7 , light_index:  18000
cluster_label:  7 , light_index:  19000
cluster_label:  7 , light_index:  20000
cluster_label:  7 , light_index:  21000
cluster_label:  7 , light_index:  22000
cluster_label:  7 , light_index:  23000
cluster_label:  7 , light_index:  24000
cluster_label:  7 , light_index:  25000
cluster_label:  7 , light_index:  26000
cluster_label:  7 , light_index:  27000
cluster_label:  7 , light_index:  28000
cluster_label:  7 , light_index:  29000
cluster_label:  7 , light_index:  30000
cluster_label:  7 , light_index:  31000
cluster_label:  7 , light_index:  32000
cluster_label:  7 , light_index:  33000
cluster label 3, len(light_list): 35280
cluster_label:  3 , light_index:  0
cluster_label:  3 , light_index:  1000
cluster_label:  3 , light_index:  2000
cluster_label:  3 , light_index:  3000
cluster_label:  3 , light_index:  4000
cluster_label:  3 , light_index:  5000
cluster_label:  3 , light_index:  6000
cluster_label:  3 , light_index:  7000
cluster_label:  3 , light_index:  8000
cluster_label:  3 , light_index:  9000
cluster_label:  3 , light_index:  10000
cluster_label:  3 , light_index:  11000
cluster_label:  3 , light_index:  12000
cluster_label:  3 , light_index:  13000
cluster_label:  3 , light_index:  14000
cluster_label:  3 , light_index:  15000
cluster_label:  3 , light_index:  16000
cluster_label:  3 , light_index:  17000
cluster_label:  3 , light_index:  18000
cluster_label:  3 , light_index:  19000
cluster_label:  3 , light_index:  20000
cluster_label:  3 , light_index:  21000
cluster_label:  3 , light_index:  22000
cluster_label:  3 , light_index:  23000
cluster_label:  3 , light_index:  24000
cluster_label:  3 , light_index:  25000
cluster_label:  3 , light_index:  26000
cluster_label:  3 , light_index:  27000
cluster_label:  3 , light_index:  28000
cluster_label:  3 , light_index:  29000
cluster_label:  3 , light_index:  30000
cluster_label:  3 , light_index:  31000
cluster_label:  3 , light_index:  32000
cluster_label:  3 , light_index:  33000
cluster_label:  3 , light_index:  34000
cluster_label:  3 , light_index:  35000
cluster label 1, len(light_list): 36327
cluster_label:  1 , light_index:  0
cluster_label:  1 , light_index:  1000
cluster_label:  1 , light_index:  2000
cluster_label:  1 , light_index:  3000
cluster_label:  1 , light_index:  4000
cluster_label:  1 , light_index:  5000
cluster_label:  1 , light_index:  6000
cluster_label:  1 , light_index:  7000
cluster_label:  1 , light_index:  8000
cluster_label:  1 , light_index:  9000
cluster_label:  1 , light_index:  10000
cluster_label:  1 , light_index:  11000
cluster_label:  1 , light_index:  12000
cluster_label:  1 , light_index:  13000
cluster_label:  1 , light_index:  14000
cluster_label:  1 , light_index:  15000
cluster_label:  1 , light_index:  16000
cluster_label:  1 , light_index:  17000
cluster_label:  1 , light_index:  18000
cluster_label:  1 , light_index:  19000
cluster_label:  1 , light_index:  20000
cluster_label:  1 , light_index:  21000
cluster_label:  1 , light_index:  22000
cluster_label:  1 , light_index:  23000
cluster_label:  1 , light_index:  24000
cluster_label:  1 , light_index:  25000
cluster_label:  1 , light_index:  26000
cluster_label:  1 , light_index:  27000
cluster_label:  1 , light_index:  28000
cluster_label:  1 , light_index:  29000
cluster_label:  1 , light_index:  30000
cluster_label:  1 , light_index:  31000
cluster_label:  1 , light_index:  32000
cluster_label:  1 , light_index:  33000
cluster_label:  1 , light_index:  34000
cluster_label:  1 , light_index:  35000
cluster_label:  1 , light_index:  36000
